Start testing: Feb 08 21:03 EET
----------------------------------------------------------
1/6 Testing: core_tests
1/6 Test: core_tests
Command: "/home/max/DcChamb/fishydslib/build_asan/tests/test_core"
Directory: /home/max/DcChamb/fishydslib/build_asan/tests
"core_tests" start time: Feb 08 21:03 EET
Output:
----------------------------------------------------------
Running fishydslib core tests...

=== Running Status Tests ===
PASS: DC_OK string
PASS: DC_ERROR_INVALID_PARAM string
PASS: DC_ERROR_OUT_OF_MEMORY string
PASS: DC_ERROR_NOT_IMPLEMENTED string
PASS: DC_ERROR_BAD_REQUEST string
PASS: DC_OK not recoverable
PASS: DC_ERROR_INVALID_PARAM not recoverable
PASS: DC_ERROR_NETWORK recoverable
PASS: DC_ERROR_TIMEOUT recoverable
PASS: DC_ERROR_RATE_LIMITED recoverable
PASS: DC_ERROR_SERVER recoverable
PASS: HTTP 200 OK
PASS: HTTP 304 not modified
PASS: HTTP 400 bad request
PASS: HTTP 401 unauthorized
PASS: HTTP 403 forbidden
PASS: HTTP 404 not found
PASS: HTTP 405 method not allowed
PASS: HTTP 429 rate limited
PASS: HTTP 502 unavailable
PASS: HTTP 500 server error
PASS: DC_IS_OK works
PASS: DC_VALUE works
PASS: DC_STATUS works
PASS: DC_IS_ERROR works
PASS: Error status works

=== Status Tests Results ===
Total: 26, Passed: 26, Failed: 0
SUITE PASSED

=== Running Allocation Tests ===
PASS: dc_alloc returns non-NULL
PASS: dc_alloc(0) returns NULL
PASS: dc_calloc returns non-NULL
PASS: dc_calloc(0, 10) returns NULL
PASS: dc_strdup returns non-NULL
PASS: dc_strdup copies correctly
PASS: dc_strdup(NULL) returns NULL
PASS: dc_strndup returns non-NULL
PASS: dc_strndup copies correctly
PASS: dc_free(NULL) is safe
PASS: dc_alloc for realloc test
PASS: dc_realloc grow
PASS: realloc preserves data
PASS: dc_realloc(NULL, size) allocates
PASS: dc_realloc(size=0) returns NULL
PASS: set hooks
PASS: hook alloc
PASS: hook realloc
PASS: hook realloc null uses alloc
PASS: alloc hook count
PASS: realloc hook count
PASS: free hook count

=== Allocation Tests Results ===
Total: 22, Passed: 22, Failed: 0
SUITE PASSED

=== Running String Tests ===
PASS: dc_string_init
PASS: empty length
PASS: empty cstr
PASS: append cstr
PASS: length after append
PASS: content after append
PASS: append char
PASS: append buffer
PASS: content after buffer
PASS: append printf
PASS: content after printf
PASS: set cstr
PASS: content after set
PASS: clear
PASS: length after clear
PASS: content after clear
PASS: reserve
PASS: capacity after reserve
PASS: append after reserve
PASS: shrink to fit
PASS: capacity after shrink

=== String Tests Results ===
Total: 21, Passed: 21, Failed: 0
SUITE PASSED

=== Running Vector Tests ===
PASS: vec init
PASS: vec length empty
PASS: push 1
PASS: push 2
PASS: push 3
PASS: vec length after push
PASS: get index 1
PASS: value at index 1
PASS: set index 1
PASS: get index 1 after set
PASS: value after set
PASS: insert at index 1
PASS: length after insert
PASS: get inserted
PASS: inserted value
PASS: remove index 2
PASS: removed value
PASS: length after remove
PASS: pop
PASS: pop value
PASS: length after pop
PASS: resize up
PASS: length after resize
PASS: get zero-init index 2
PASS: zero-init value index 2
PASS: find value
PASS: find index
PASS: init empty for pop
PASS: pop empty

=== Vector Tests Results ===
Total: 29, Passed: 29, Failed: 0
SUITE PASSED

=== Running Snowflake Tests ===
PASS: parse snowflake
PASS: snowflake to cstr
PASS: snowflake roundtrip cstr
PASS: parse empty
PASS: parse non-digit
PASS: parse overflow
PASS: timestamp extract
PASS: timestamp value
PASS: worker extract
PASS: worker value
PASS: process extract
PASS: process value
PASS: increment extract
PASS: increment value

=== Snowflake Tests Results ===
Total: 14, Passed: 14, Failed: 0
SUITE PASSED

=== Running Time Tests ===
PASS: parse utc
PASS: year
PASS: month
PASS: day
PASS: hour
PASS: minute
PASS: second
PASS: millisecond
PASS: is utc
PASS: offset
PASS: format utc
PASS: roundtrip utc
PASS: to unix ms
PASS: unix ms value
PASS: from unix ms
PASS: format from unix
PASS: format from unix value
PASS: parse offset
PASS: offset minutes
PASS: is not utc
PASS: format offset
PASS: roundtrip offset
PASS: offset to unix ms
PASS: offset unix ms value
PASS: invalid month

=== Time Tests Results ===
Total: 25, Passed: 25, Failed: 0
SUITE PASSED

=== Running Optional/Nullable Tests ===
PASS: optional init is_set
PASS: optional set
PASS: optional value
PASS: optional clear
PASS: nullable init is_null
PASS: nullable set
PASS: nullable value
PASS: nullable set null

=== Optional/Nullable Tests Results ===
Total: 8, Passed: 8, Failed: 0
SUITE PASSED

=== Running Format Tests ===
PASS: format init string
PASS: mention user
PASS: mention user value
PASS: mention user nick
PASS: mention user nick value
PASS: mention channel
PASS: mention channel value
PASS: mention role
PASS: mention role value
PASS: mention invalid id
PASS: slash mention
PASS: slash mention value
PASS: slash mention space
PASS: slash mention space value
PASS: slash mention invalid name
PASS: timestamp style valid
PASS: timestamp style invalid
PASS: timestamp default
PASS: timestamp default value
PASS: timestamp style
PASS: timestamp style value
PASS: timestamp ms
PASS: timestamp ms value
PASS: timestamp invalid style
PASS: emoji mention
PASS: emoji mention value
PASS: emoji mention animated
PASS: emoji mention animated value
PASS: emoji mention invalid name
PASS: emoji mention invalid id
PASS: escape content
PASS: escape content value
PASS: escape backslash
PASS: escape backslash value
PASS: escape safe
PASS: escape safe value

=== Format Tests Results ===
Total: 36, Passed: 36, Failed: 0
SUITE PASSED

=== Running Allowed Mentions Tests ===
PASS: allowed mentions init
PASS: allowed mentions parse set
PASS: allowed mentions parse users
PASS: allowed mentions parse roles
PASS: allowed mentions parse everyone
PASS: allowed mentions replied set
PASS: allowed mentions replied value
PASS: allowed mentions add user
PASS: allowed mentions add role
PASS: allowed mentions add user invalid
PASS: allowed mentions add role invalid

=== Allowed Mentions Tests Results ===
Total: 11, Passed: 11, Failed: 0
SUITE PASSED

=== Running CDN Tests ===
PASS: format png valid
PASS: format invalid
PASS: ext png valid
PASS: ext jpg valid
PASS: ext jpeg valid
PASS: ext webp valid
PASS: ext avif valid
PASS: ext bmp invalid
PASS: size 16 valid
PASS: size 256 valid
PASS: size 4096 valid
PASS: size 15 invalid
PASS: size 24 invalid
PASS: size 8192 invalid
PASS: hash animated true
PASS: hash animated false
PASS: hash animated null false
PASS: cdn url init
PASS: cdn build url
PASS: cdn url value
PASS: cdn build url base slash
PASS: cdn url base slash value
PASS: cdn user avatar animated
PASS: cdn user avatar animated value
PASS: cdn emoji animated
PASS: cdn emoji animated value
PASS: cdn attachment passthrough
PASS: cdn attachment passthrough value

=== CDN Tests Results ===
Total: 28, Passed: 28, Failed: 0
SUITE PASSED

=== Running Data URI Tests ===
PASS: valid data uri png
PASS: valid data uri jpeg
PASS: invalid data uri type
PASS: invalid base64 length
PASS: invalid base64 chars
PASS: data uri init
PASS: data uri build png
PASS: data uri png value
PASS: data uri build jpg
PASS: data uri jpg value
PASS: data uri invalid base64

=== Data URI Tests Results ===
Total: 11, Passed: 11, Failed: 0
SUITE PASSED

=== Running Attachments Tests ===
PASS: filename valid png
PASS: filename valid underscore dash
PASS: filename valid dots
PASS: filename invalid space
PASS: filename invalid path
PASS: filename invalid char
PASS: size valid
PASS: size zero valid
PASS: size too large invalid
PASS: size unlimited valid
PASS: total size valid
PASS: total size too large
PASS: total size unlimited

=== Attachments Tests Results ===
Total: 13, Passed: 13, Failed: 0
SUITE PASSED

All core tests passed!
<end of output>
Test time =   0.01 sec
----------------------------------------------------------
Test Passed.
"core_tests" end time: Feb 08 21:03 EET
"core_tests" time elapsed: 00:00:00
----------------------------------------------------------

2/6 Testing: json_tests
2/6 Test: json_tests
Command: "/home/max/DcChamb/fishydslib/build_asan/tests/test_json"
Directory: /home/max/DcChamb/fishydslib/build_asan/tests
"json_tests" start time: Feb 08 21:03 EET
Output:
----------------------------------------------------------
Running fishydslib JSON tests...

=== Running JSON Tests ===
PASS: parse simple json
PASS: doc not null
PASS: root not null
PASS: get string
PASS: string value
PASS: get int64
PASS: int64 value
PASS: missing field
PASS: parse optional json
PASS: get required
PASS: required value
PASS: get optional null
PASS: optional default
PASS: get missing optional
PASS: missing optional default
PASS: optional present
PASS: optional is_set
PASS: optional value
PASS: optional missing
PASS: optional missing is_set
PASS: optional missing value
PASS: nullable null
PASS: nullable is_null
PASS: nullable value null
PASS: nullable missing
PASS: parse bool json
PASS: get bool
PASS: bool value
PASS: create mut doc
PASS: mut doc not null
PASS: mut root not null
PASS: set string
PASS: set int64
PASS: set bool
PASS: set null
PASS: init result string
PASS: serialize
PASS: serialized not empty
PASS: allowed mentions init
PASS: allowed mentions add user
PASS: allowed mentions add role
PASS: create mut doc for allowed mentions
PASS: set allowed mentions
PASS: init result for allowed mentions
PASS: serialize allowed mentions
PASS: parse allowed mentions
PASS: allowed mentions object
PASS: allowed mentions parse
PASS: allowed mentions parse size
PASS: allowed mentions parse users
PASS: allowed mentions parse everyone
PASS: allowed mentions users
PASS: allowed mentions users value
PASS: allowed mentions roles
PASS: allowed mentions roles value
PASS: allowed mentions replied user
PASS: allowed mentions replied user value
PASS: create mut doc for attachments
PASS: set attachments
PASS: init result for attachments
PASS: serialize attachments
PASS: parse attachments
PASS: attachments array present
PASS: attachments array size
PASS: attachments filename
PASS: attachments description
PASS: attachments id
PASS: allowed mentions init empty
PASS: create mut doc for allowed mentions empty
PASS: set allowed mentions empty
PASS: init result for allowed mentions empty
PASS: serialize allowed mentions empty
PASS: parse allowed mentions empty
PASS: allowed mentions empty missing
PASS: parse invalid json
PASS: parse type json
PASS: type mismatch
PASS: parse snowflake json
PASS: get snowflake
PASS: snowflake value
PASS: parse snowflake opt json
PASS: get snowflake opt null
PASS: snowflake opt default
PASS: create mut doc for snowflake
PASS: set snowflake
PASS: init result for snowflake
PASS: serialize snowflake
PASS: parse serialized snowflake
PASS: get parsed snowflake
PASS: parsed snowflake value
PASS: parse perm json
PASS: get permission
PASS: permission value
PASS: get permission default
PASS: permission default
PASS: parse perm bad json
PASS: permission type mismatch
PASS: create mut doc for permission
PASS: set permission
PASS: init result for permission
PASS: serialize permission
PASS: parse serialized permission
PASS: get parsed permission
PASS: parsed permission value
PASS: init user
PASS: parse user json
PASS: user id parsed
PASS: user username parsed
PASS: init user missing id
PASS: user missing id
PASS: init user invalid json
PASS: user invalid json
PASS: init guild
PASS: parse guild json
PASS: guild id parsed
PASS: guild name parsed
PASS: guild owner_id is_set
PASS: guild owner_id value
PASS: guild permissions is_set
PASS: guild permissions value
PASS: guild icon null
PASS: guild description present
PASS: guild description value
PASS: guild approximate member count set
PASS: guild approximate member count value
PASS: init guild to_json result
PASS: guild to json
PASS: parse serialized guild
PASS: serialized guild id
PASS: serialized guild id value
PASS: init guild missing id
PASS: guild missing id
PASS: init role
PASS: parse role json
PASS: role id parsed
PASS: role name parsed
PASS: role color parsed
PASS: role hoist parsed
PASS: role icon null parsed
PASS: role tags bot_id set
PASS: role tags bot_id value
PASS: role tags premium_subscriber set
PASS: role tags premium_subscriber value
PASS: init role to_json result
PASS: role to json
PASS: parse serialized role
PASS: serialized role id
PASS: serialized role id value
PASS: init guild member
PASS: parse guild member json
PASS: guild member user set
PASS: guild member user id parsed
PASS: guild member nick present
PASS: guild member nick value
PASS: guild member avatar null
PASS: guild member roles count
PASS: guild member roles second value
PASS: guild member deaf parsed
PASS: guild member mute parsed
PASS: guild member pending set
PASS: guild member pending value
PASS: guild member permissions set
PASS: guild member permissions value
PASS: init guild member to_json result
PASS: guild member to json
PASS: parse serialized guild member
PASS: serialized guild member roles
PASS: serialized guild member roles size
PASS: init channel
PASS: parse channel json
PASS: channel id parsed
PASS: channel type parsed
PASS: channel name parsed
PASS: init channel missing id
PASS: channel missing id
PASS: init message
PASS: parse message json
PASS: message id parsed
PASS: message channel id parsed
PASS: message type parsed
PASS: message content parsed
PASS: init message with legacy components
PASS: parse message with legacy components
PASS: legacy top-level component count
PASS: legacy action row type
PASS: legacy action row child count
PASS: legacy button type
PASS: legacy button custom_id set
PASS: legacy button custom_id
PASS: legacy button style set
PASS: legacy button style value
PASS: init message with v2 components
PASS: parse message with v2 components
PASS: v2 top-level component count
PASS: v2 text display type
PASS: v2 text display content set
PASS: v2 text display content
PASS: v2 container type
PASS: v2 container accent color set
PASS: v2 container accent color
PASS: v2 container child count
PASS: v2 gallery type
PASS: v2 gallery item count
PASS: v2 gallery media url
PASS: init serialized message
PASS: serialize message with components
PASS: parse serialized message with components
PASS: serialized components field exists
PASS: serialized component count
PASS: serialized first type parse
PASS: serialized first type
PASS: serialized first content
PASS: init message missing id
PASS: message missing id

=== JSON Tests Results ===
Total: 214, Passed: 214, Failed: 0
SUITE PASSED

All JSON tests passed!
<end of output>
Test time =   0.01 sec
----------------------------------------------------------
Test Passed.
"json_tests" end time: Feb 08 21:03 EET
"json_tests" time elapsed: 00:00:00
----------------------------------------------------------

3/6 Testing: http_tests
3/6 Test: http_tests
Command: "/home/max/DcChamb/fishydslib/build_asan/tests/test_http"
Directory: /home/max/DcChamb/fishydslib/build_asan/tests
"http_tests" start time: Feb 08 21:03 EET
Output:
----------------------------------------------------------
Running fishydslib HTTP tests...

=== Running HTTP Tests ===
PASS: init url string
PASS: build api url
PASS: base url prefix
PASS: url validate ok
PASS: reject non-discord base
PASS: reject legacy domain
PASS: reject missing version
PASS: reject non-v10
PASS: init ua string
PASS: format user-agent
PASS: ua value
PASS: ua valid
PASS: ua invalid
PASS: ua invalid suffix
PASS: ua valid suffix
PASS: content-type json
PASS: content-type json charset
PASS: content-type multipart
PASS: content-type reject
PASS: init auth string
PASS: auth bot
PASS: auth bot value
PASS: auth bearer
PASS: auth bearer value
PASS: init query
PASS: query bool tf
PASS: query bool 10
PASS: query value
PASS: init error
PASS: parse error
PASS: error code
PASS: error message
PASS: error errors json
PASS: validate json ok
PASS: validate json invalid
PASS: init response
PASS: init rate limit
PASS: parse rate limit
PASS: rl limit
PASS: rl remaining
PASS: rl scope
PASS: rl retry-after
PASS: rl bucket
PASS: init rl response
PASS: parse rl response
PASS: rl message
PASS: rl global
PASS: rl retry-after
PASS: rest client create
PASS: rest request init
PASS: rest response init
PASS: rest request method
PASS: rest request path
PASS: rest json body
PASS: rest execute with retry
PASS: rest retry call count
PASS: rest final status
PASS: rest client invalid create
PASS: rest request init invalid
PASS: rest response init invalid
PASS: rest request path invalid
PASS: rest unauthorized 1
PASS: rest unauthorized 2
PASS: rest invalid limit reached

=== HTTP Tests Results ===
Total: 64, Passed: 64, Failed: 0
SUITE PASSED

=== Running Multipart Tests ===
PASS: multipart init
PASS: multipart content type init
PASS: multipart content type
PASS: multipart content type value
PASS: multipart payload_json
PASS: multipart add file
PASS: multipart file index
PASS: multipart finish
PASS: multipart body not empty
PASS: multipart body payload_json header
PASS: multipart body file field
PASS: multipart body filename
PASS: multipart limit init
PASS: multipart limit set
PASS: multipart limit reject

=== Multipart Tests Results ===
Total: 15, Passed: 15, Failed: 0
SUITE PASSED

All HTTP tests passed!
<end of output>
Test time =   0.01 sec
----------------------------------------------------------
Test Passed.
"http_tests" end time: Feb 08 21:03 EET
"http_tests" time elapsed: 00:00:00
----------------------------------------------------------

4/6 Testing: rest_tests
4/6 Test: rest_tests
Command: "/home/max/DcChamb/fishydslib/build_asan/tests/test_rest"
Directory: /home/max/DcChamb/fishydslib/build_asan/tests
"rest_tests" start time: Feb 08 21:03 EET
Output:
----------------------------------------------------------
Running REST client tests...

PASS: Client creation should succeed
PASS: Client should not be NULL
PASS: NULL config should fail
PASS: NULL output should fail
PASS: Empty token should fail
PASS: NULL token should be invalid
PASS: Request init should succeed
PASS: Default method should be GET
PASS: Default timeout should be 0
PASS: body_is_json should be 0
PASS: is_interaction should be 0
PASS: Setting relative path should succeed
PASS: Path should be set correctly
PASS: Setting full URL should succeed
PASS: Setting JSON body should succeed
PASS: body_is_json should be set
PASS: Body should be set correctly
PASS: Content-Type should be application/json
PASS: Content-Type header should be added
PASS: Adding custom header should succeed
PASS: Cannot override Authorization
PASS: Cannot override User-Agent
PASS: Client creation should succeed
PASS: Execute should succeed
PASS: Transport should be called once
PASS: Status should be 200
PASS: Body should match
PASS: Execute should succeed
PASS: Rate limit should be parsed
PASS: Remaining should be parsed
PASS: Bucket ID should be parsed
PASS: Should return rate limited status
PASS: Should attempt at least once
PASS: Should return bad request status
PASS: Error code should be parsed
PASS: Error message should be parsed
PASS: Interaction endpoint should succeed
PASS: Authorization should start with 'Bot '
PASS: Authorization header should be present

=== REST Client Test Summary ===
Total tests: 39
Passed: 39
Failed: 0
<end of output>
Test time =   0.04 sec
----------------------------------------------------------
Test Passed.
"rest_tests" end time: Feb 08 21:03 EET
"rest_tests" time elapsed: 00:00:00
----------------------------------------------------------

5/6 Testing: gateway_tests
5/6 Test: gateway_tests
Command: "/home/max/DcChamb/fishydslib/build_asan/tests/test_gateway"
Directory: /home/max/DcChamb/fishydslib/build_asan/tests
"gateway_tests" start time: Feb 08 21:03 EET
Output:
----------------------------------------------------------
Running Gateway client tests...

PASS: close code string auth failed
PASS: close code string invalid intents
PASS: close code string unknown
PASS: close code auth failed no reconnect
PASS: close code invalid shard no reconnect
PASS: close code invalid intents no reconnect
PASS: close code unknown error reconnect
PASS: close code 1000 reconnect
PASS: create null config
PASS: create null out ptr
PASS: create empty token
PASS: create shard id without count
PASS: create shard id out of range
PASS: create large_threshold too small
PASS: create large_threshold too large
PASS: create compression conflict
PASS: create invalid user agent
PASS: create success
PASS: client not null
PASS: get state ok
PASS: initial state disconnected
PASS: disconnect ok
PASS: create for presence
PASS: presence invalid state
PASS: presence null client
PASS: presence null status
PASS: create for connect
PASS: connect without url or cache
PASS: connect with empty url
PASS: create for process
PASS: process without context
PASS: process null client
PASS: create for request guild members
PASS: request guild members invalid state
PASS: request guild members null client
PASS: request guild members invalid guild id
PASS: request guild members missing query and user ids
PASS: request guild members query and user ids together
PASS: create for request soundboard
PASS: request soundboard invalid state
PASS: request soundboard null client
PASS: request soundboard null ids
PASS: request soundboard empty ids
PASS: create for voice state
PASS: voice state invalid state
PASS: voice state null client
PASS: voice state invalid guild

=== Gateway Client Test Summary ===
Total tests: 47
Passed: 47
Failed: 0
<end of output>
Test time =   0.01 sec
----------------------------------------------------------
Test Passed.
"gateway_tests" end time: Feb 08 21:03 EET
"gateway_tests" time elapsed: 00:00:00
----------------------------------------------------------

6/6 Testing: events_expansion_tests
6/6 Test: events_expansion_tests
Command: "/home/max/DcChamb/fishydslib/build_asan/tests/test_events_expansion"
Directory: /home/max/DcChamb/fishydslib/build_asan/tests
"events_expansion_tests" start time: Feb 08 21:03 EET
Output:
----------------------------------------------------------
AddressSanitizer:DEADLYSIGNAL
=================================================================
==115171==ERROR: AddressSanitizer: SEGV on unknown address 0x000000000000 (pc 0x556f3160fbc2 bp 0x7ffda80847b0 sp 0x7ffda8084230 T0)
==115171==The signal is caused by a READ memory access.
==115171==Hint: address points to the zero page.
    #0 0x556f3160fbc2 in test_parse_message_with_extra_fields /home/max/DcChamb/fishydslib/tests/test_events_expansion.c:161
    #1 0x556f316108cd in main /home/max/DcChamb/fishydslib/tests/test_events_expansion_main.c:20
    #2 0x7f5a7c627b8a  (/usr/lib/libc.so.6+0x27b8a) (BuildId: be49ccbe2324cfead397067d560a06640890a1f8)
    #3 0x7f5a7c627c4a in __libc_start_main (/usr/lib/libc.so.6+0x27c4a) (BuildId: be49ccbe2324cfead397067d560a06640890a1f8)
    #4 0x556f3160c3a4 in _start (/home/max/DcChamb/fishydslib/build_asan/tests/test_events_expansion+0x113a4) (BuildId: 3b54e2a194916a5e85b90267697bbed141f60f51)

==115171==Register values:
rax = 0x0000000000000000  rbx = 0x00000f6b4f2c0700  rcx = 0x0000000000000003  rdx = 0x0000000000000000  
rdi = 0x00007b5a79603c38  rsi = 0x0000000000000001  rbp = 0x00007ffda80847b0  rsp = 0x00007ffda8084230  
 r8 = 0x00007ffda80840a0   r9 = 0x0000000000000000  r10 = 0x0000000000000001  r11 = 0x0000000000000000  
r12 = 0x00007b5a79603800  r13 = 0x00007b5a79603d40  r14 = 0x00007ffda8084250  r15 = 0x00007ffda80848e8  
AddressSanitizer can not provide additional info.
SUMMARY: AddressSanitizer: SEGV /home/max/DcChamb/fishydslib/tests/test_events_expansion.c:161 in test_parse_message_with_extra_fields
==115171==ABORTING
<end of output>
Test time =   0.05 sec
----------------------------------------------------------
Test Failed.
"events_expansion_tests" end time: Feb 08 21:03 EET
"events_expansion_tests" time elapsed: 00:00:00
----------------------------------------------------------

End testing: Feb 08 21:03 EET
